d:\documents\proyectos\tetris\sdl2tetris\project1\project1\debug\vc140.pdb
d:\documents\proyectos\tetris\sdl2tetris\project1\project1\debug\vc140.idb
d:\documents\proyectos\tetris\sdl2tetris\project1\project1\debug\enginetools.nativecodeanalysis.xml
d:\documents\proyectos\tetris\sdl2tetris\project1\project1\debug\gameengine.nativecodeanalysis.xml
d:\documents\proyectos\tetris\sdl2tetris\project1\project1\debug\gamemanager.nativecodeanalysis.xml
d:\documents\proyectos\tetris\sdl2tetris\project1\project1\debug\gameplay.nativecodeanalysis.xml
d:\documents\proyectos\tetris\sdl2tetris\project1\project1\debug\custominputmanager.nativecodeanalysis.xml
d:\documents\proyectos\tetris\sdl2tetris\project1\project1\debug\main.nativecodeanalysis.xml
d:\documents\proyectos\tetris\sdl2tetris\project1\project1\debug\gameloop.nativecodeanalysis.xml
d:\documents\proyectos\tetris\sdl2tetris\project1\project1\debug\mainmenu.nativecodeanalysis.xml
d:\documents\proyectos\tetris\sdl2tetris\project1\project1\debug\sprite.nativecodeanalysis.xml
d:\documents\proyectos\tetris\sdl2tetris\project1\project1\debug\sprite.obj
d:\documents\proyectos\tetris\sdl2tetris\project1\project1\debug\mainmenu.obj
d:\documents\proyectos\tetris\sdl2tetris\project1\project1\debug\gameloop.obj
d:\documents\proyectos\tetris\sdl2tetris\project1\project1\debug\main.obj
d:\documents\proyectos\tetris\sdl2tetris\project1\project1\debug\custominputmanager.obj
d:\documents\proyectos\tetris\sdl2tetris\project1\project1\debug\gameplay.obj
d:\documents\proyectos\tetris\sdl2tetris\project1\project1\debug\gamemanager.obj
d:\documents\proyectos\tetris\sdl2tetris\project1\project1\debug\gameengine.obj
d:\documents\proyectos\tetris\sdl2tetris\project1\project1\debug\enginetools.obj
d:\documents\proyectos\tetris\sdl2tetris\project1\project1\debug\rendermanager.obj
d:\documents\proyectos\tetris\sdl2tetris\project1\project1\debug\board.obj
d:\documents\proyectos\tetris\sdl2tetris\project1\project1\debug\iblock.obj
d:\documents\proyectos\tetris\sdl2tetris\project1\project1\debug\jblock.obj
d:\documents\proyectos\tetris\sdl2tetris\project1\project1\debug\lblock.obj
d:\documents\proyectos\tetris\sdl2tetris\project1\project1\debug\oblock.obj
d:\documents\proyectos\tetris\sdl2tetris\project1\project1\debug\game.obj
d:\documents\proyectos\tetris\sdl2tetris\project1\project1\debug\sblock.obj
d:\documents\proyectos\tetris\sdl2tetris\project1\project1\debug\tblock.obj
d:\documents\proyectos\tetris\sdl2tetris\project1\project1\debug\tetrimino.obj
d:\documents\proyectos\tetris\sdl2tetris\project1\project1\debug\zblock.obj
d:\documents\proyectos\tetris\sdl2tetris\project1\debug\project1.ilk
d:\documents\proyectos\tetris\sdl2tetris\project1\debug\project1.exe
d:\documents\proyectos\tetris\sdl2tetris\project1\debug\project1.pdb
d:\documents\proyectos\tetris\sdl2tetris\project1\project1\debug\project1.tlog\cl.command.1.tlog
d:\documents\proyectos\tetris\sdl2tetris\project1\project1\debug\project1.tlog\cl.read.1.tlog
d:\documents\proyectos\tetris\sdl2tetris\project1\project1\debug\project1.tlog\cl.write.1.tlog
d:\documents\proyectos\tetris\sdl2tetris\project1\project1\debug\project1.tlog\link.command.1.tlog
d:\documents\proyectos\tetris\sdl2tetris\project1\project1\debug\project1.tlog\link.read.1.tlog
d:\documents\proyectos\tetris\sdl2tetris\project1\project1\debug\project1.tlog\link.write.1.tlog
