d:\documents\proyectos\tetris\sdl2tetris\project1\project1\x64\debug\vc140.pdb
d:\documents\proyectos\tetris\sdl2tetris\project1\project1\x64\debug\vc140.idb
d:\documents\proyectos\tetris\sdl2tetris\project1\project1\x64\debug\gamescreen.obj
d:\documents\proyectos\tetris\sdl2tetris\project1\project1\x64\debug\iblock.obj
d:\documents\proyectos\tetris\sdl2tetris\project1\project1\x64\debug\jblock.obj
d:\documents\proyectos\tetris\sdl2tetris\project1\project1\x64\debug\lblock.obj
d:\documents\proyectos\tetris\sdl2tetris\project1\project1\x64\debug\oblock.obj
d:\documents\proyectos\tetris\sdl2tetris\project1\project1\x64\debug\rendermanager.obj
d:\documents\proyectos\tetris\sdl2tetris\project1\project1\x64\debug\enginetools.obj
d:\documents\proyectos\tetris\sdl2tetris\project1\project1\x64\debug\gameengine.obj
d:\documents\proyectos\tetris\sdl2tetris\project1\project1\x64\debug\gamemanager.obj
d:\documents\proyectos\tetris\sdl2tetris\project1\project1\x64\debug\game.obj
d:\documents\proyectos\tetris\sdl2tetris\project1\project1\x64\debug\inputmanager.obj
d:\documents\proyectos\tetris\sdl2tetris\project1\project1\x64\debug\main.obj
d:\documents\proyectos\tetris\sdl2tetris\project1\project1\x64\debug\gameloop.obj
d:\documents\proyectos\tetris\sdl2tetris\project1\project1\x64\debug\mainmenu.obj
d:\documents\proyectos\tetris\sdl2tetris\project1\project1\x64\debug\sblock.obj
d:\documents\proyectos\tetris\sdl2tetris\project1\project1\x64\debug\sprite.obj
d:\documents\proyectos\tetris\sdl2tetris\project1\project1\x64\debug\tblock.obj
d:\documents\proyectos\tetris\sdl2tetris\project1\project1\x64\debug\tetrimino.obj
d:\documents\proyectos\tetris\sdl2tetris\project1\project1\x64\debug\timer.obj
d:\documents\proyectos\tetris\sdl2tetris\project1\project1\x64\debug\zblock.obj
d:\documents\proyectos\tetris\sdl2tetris\project1\project1\x64\debug\board.obj
d:\documents\proyectos\tetris\sdl2tetris\project1\x64\debug\project1.pdb
d:\documents\proyectos\tetris\sdl2tetris\project1\project1\x64\debug\project1.tlog\cl.command.1.tlog
d:\documents\proyectos\tetris\sdl2tetris\project1\project1\x64\debug\project1.tlog\cl.read.1.tlog
d:\documents\proyectos\tetris\sdl2tetris\project1\project1\x64\debug\project1.tlog\cl.write.1.tlog
d:\documents\proyectos\tetris\sdl2tetris\project1\project1\x64\debug\project1.tlog\link-cvtres.read.1.tlog
d:\documents\proyectos\tetris\sdl2tetris\project1\project1\x64\debug\project1.tlog\link-cvtres.write.1.tlog
d:\documents\proyectos\tetris\sdl2tetris\project1\project1\x64\debug\project1.tlog\link-rc.read.1.tlog
d:\documents\proyectos\tetris\sdl2tetris\project1\project1\x64\debug\project1.tlog\link-rc.write.1.tlog
d:\documents\proyectos\tetris\sdl2tetris\project1\project1\x64\debug\project1.tlog\link.command.1.tlog
d:\documents\proyectos\tetris\sdl2tetris\project1\project1\x64\debug\project1.tlog\link.read.1.tlog
d:\documents\proyectos\tetris\sdl2tetris\project1\project1\x64\debug\project1.tlog\link.write.1.tlog
